<!DOCTYPE html PUBLIC "-//W3C//DTD XHTML 1.1//EN" "http://www.w3.org/TR/xhtml11/DTD/xhtml11.dtd">
<html xmlns="http://www.w3.org/1999/xhtml">
<head>
<meta http-equiv="content-type" content="text/html; charset=UTF-8"/>
<title>TestNG Report</title>
<style type="text/css">table {margin-bottom:10px;border-collapse:collapse;empty-cells:show}th,td {border:1px solid #009;padding:.25em .5em}th {vertical-align:bottom}td {vertical-align:top}table a {font-weight:bold}.stripe td {background-color: #E6EBF9}.num {text-align:right}.passedodd td {background-color: #3F3}.passedeven td {background-color: #0A0}.skippedodd td {background-color: #DDD}.skippedeven td {background-color: #CCC}.failedodd td,.attn {background-color: #F33}.failedeven td,.stripe .attn {background-color: #D00}.stacktrace {white-space:pre;font-family:monospace}.totop {font-size:85%;text-align:center;border-bottom:2px solid #000}.invisible {display:none}</style>
</head>
<body>
<table>
<tr><th>Test</th><th># Passed</th><th># Skipped</th><th># Retried</th><th># Failed</th><th>Time (ms)</th><th>Included Groups</th><th>Excluded Groups</th></tr>
<tr><th colspan="8">Command line suite</th></tr>
<tr><td><a href="#t0">Command line test</a></td><td class="num">1</td><td class="num">0</td><td class="num">0</td><td class="num attn">4</td><td class="num">114,956</td><td></td><td></td></tr>
</table>
<table id='summary'><thead><tr><th>Class</th><th>Method</th><th>Start</th><th>Time (ms)</th></tr></thead><tbody><tr><th colspan="4">Command line suite</th></tr></tbody><tbody id="t0"><tr><th colspan="4">Command line test &#8212; failed</th></tr><tr class="failedeven"><td rowspan="1">com.aakash.qa.testcases.CartPageTest</td><td><a href="#m0">validateCheckOut</a></td><td rowspan="1">1587837740946</td><td rowspan="1">2077</td></tr><tr class="failedodd"><td rowspan="1">com.aakash.qa.testcases.CoursePageTest</td><td><a href="#m1">engineering</a></td><td rowspan="1">1587837743028</td><td rowspan="1">106</td></tr><tr class="failedeven"><td rowspan="1">com.aakash.qa.testcases.CustomerDetailsPageTest</td><td><a href="#m2">validateCheckOut</a></td><td rowspan="1">1587837758973</td><td rowspan="1">48388</td></tr><tr class="failedodd"><td rowspan="1">com.aakash.qa.testcases.SearchedCoursePageTest</td><td><a href="#m3">validateOnPayRegistration</a></td><td rowspan="1">1587837810684</td><td rowspan="1">102</td></tr><tr><th colspan="4">Command line test &#8212; passed</th></tr><tr class="passedeven"><td rowspan="1">com.aakash.qa.testcases.AakashHomePageTest</td><td><a href="#m4">clickOnCoursesLink</a></td><td rowspan="1">1587837735077</td><td rowspan="1">3332</td></tr></tbody>
</table>
<h2>Command line test</h2><h3 id="m0">com.aakash.qa.testcases.CartPageTest#validateCheckOut</h3><table class="result"><tr><th>Exception</th></tr><tr><td><div class="stacktrace">org.testng.internal.reflect.MethodMatcherException: 
[public void com.aakash.qa.testcases.CartPageTest.validateCheckOut(java.lang.String,java.lang.String,java.lang.String) throws java.lang.InterruptedException] has no parameters defined but was found to be using a data provider (either explicitly specified or inherited from class level annotation).
Data provider mismatch
Method: validateCheckOut([Parameter{index=0, type=java.lang.String, declaredAnnotations=[]}, Parameter{index=1, type=java.lang.String, declaredAnnotations=[]}, Parameter{index=2, type=java.lang.String, declaredAnnotations=[]}])
Arguments: [(java.lang.String) 11,(java.lang.String) Goa,(java.lang.String) Goa - Margao,(java.lang.String) Arun,(java.lang.String) Pandey,(java.lang.String) Ak Pandey,(java.lang.String) 9560370108,(java.lang.String) arunpandey.pus@aesl.in,(java.lang.String) JKHouse- Plot 32 Pusa road,(java.lang.String) Noida,(java.lang.String) 201305,(java.lang.String) Uttar Pradesh]
	at java.util.ArrayList.forEach(ArrayList.java:1257)
... Removed 32 stack frames</div></td></tr></table><p class="totop"><a href="#summary">back to summary</a></p>
<h3 id="m1">com.aakash.qa.testcases.CoursePageTest#engineering</h3><table class="result"><tr><th>Exception</th></tr><tr><td><div class="stacktrace">org.testng.internal.reflect.MethodMatcherException: 
[public void com.aakash.qa.testcases.CoursePageTest.engineering(java.lang.String,java.lang.String,java.lang.String) throws java.lang.InterruptedException] has no parameters defined but was found to be using a data provider (either explicitly specified or inherited from class level annotation).
Data provider mismatch
Method: engineering([Parameter{index=0, type=java.lang.String, declaredAnnotations=[]}, Parameter{index=1, type=java.lang.String, declaredAnnotations=[]}, Parameter{index=2, type=java.lang.String, declaredAnnotations=[]}])
Arguments: [(java.lang.String) 11,(java.lang.String) Goa,(java.lang.String) Goa - Margao,(java.lang.String) Arun,(java.lang.String) Pandey,(java.lang.String) Ak Pandey,(java.lang.String) 9560370108,(java.lang.String) arunpandey.pus@aesl.in,(java.lang.String) JKHouse- Plot 32 Pusa road,(java.lang.String) Noida,(java.lang.String) 201305,(java.lang.String) Uttar Pradesh]
	at java.util.ArrayList.forEach(ArrayList.java:1257)
... Removed 32 stack frames</div></td></tr></table><p class="totop"><a href="#summary">back to summary</a></p>
<h3 id="m2">com.aakash.qa.testcases.CustomerDetailsPageTest#validateCheckOut</h3><table class="result"><tr class="param"><th>Parameter #1</th><th>Parameter #2</th><th>Parameter #3</th><th>Parameter #4</th><th>Parameter #5</th><th>Parameter #6</th><th>Parameter #7</th><th>Parameter #8</th><th>Parameter #9</th><th>Parameter #10</th><th>Parameter #11</th><th>Parameter #12</th></tr><tr class="param stripe"><td>11</td><td>Goa</td><td>Goa - Margao</td><td>Arun</td><td>Pandey</td><td>Ak Pandey</td><td>9560370108</td><td>arunpandey.pus@aesl.in</td><td>JKHouse- Plot 32 Pusa road</td><td>Noida</td><td>201305</td><td>Uttar Pradesh</td></tr><tr><th colspan="12">Exception</th></tr><tr><td colspan="12"><div class="stacktrace">org.openqa.selenium.NoSuchElementException: no such element: Unable to locate element: {&quot;method&quot;:&quot;xpath&quot;,&quot;selector&quot;:&quot;//input[@type=&apos;submit&apos; and @id=&apos;edit-checkout&apos;]&quot;}
  (Session info: chrome=81.0.4044.113)
For documentation on this error, please visit: https://selenium.dev/exceptions/#no_such_element
Build info: version: &apos;4.0.0-alpha-4&apos;, revision: &apos;c2d955b49e&apos;
System info: host: &apos;CORPLPTP000053&apos;, ip: &apos;192.168.1.5&apos;, os.name: &apos;Windows 10&apos;, os.arch: &apos;amd64&apos;, os.version: &apos;10.0&apos;, java.version: &apos;1.8.0_201&apos;
Driver info: org.openqa.selenium.chrome.ChromeDriver
Capabilities {acceptInsecureCerts: false, browserName: chrome, browserVersion: 81.0.4044.113, chrome: {chromedriverVersion: 81.0.4044.69 (6813546031a4b..., userDataDir: C:\Users\010645~1\AppData\L...}, goog:chromeOptions: {debuggerAddress: localhost:49192}, javascriptEnabled: true, networkConnectionEnabled: false, pageLoadStrategy: normal, platform: WINDOWS, platformName: WINDOWS, proxy: Proxy(), setWindowRect: true, strictFileInteractability: false, timeouts: {implicit: 0, pageLoad: 300000, script: 30000}, unhandledPromptBehavior: dismiss and notify, webauthn:virtualAuthenticators: true}
Session ID: aefa2842244b8892379309b6da9e2314
*** Element info: {Using=xpath, value=//input[@type=&apos;submit&apos; and @id=&apos;edit-checkout&apos;]}
	at org.openqa.selenium.remote.codec.w3c.W3CHttpResponseCodec.createException(W3CHttpResponseCodec.java:196)
	at org.openqa.selenium.remote.codec.w3c.W3CHttpResponseCodec.decode(W3CHttpResponseCodec.java:129)
	at org.openqa.selenium.remote.codec.w3c.W3CHttpResponseCodec.decode(W3CHttpResponseCodec.java:53)
	at org.openqa.selenium.remote.HttpCommandExecutor.execute(HttpCommandExecutor.java:161)
	at org.openqa.selenium.remote.service.DriverCommandExecutor.execute(DriverCommandExecutor.java:83)
	at org.openqa.selenium.remote.RemoteWebDriver.execute(RemoteWebDriver.java:582)
	at org.openqa.selenium.remote.RemoteWebDriver.findElement(RemoteWebDriver.java:333)
	at org.openqa.selenium.remote.RemoteWebDriver.findElementByXPath(RemoteWebDriver.java:451)
	at org.openqa.selenium.By$ByXPath.findElement(By.java:394)
	at org.openqa.selenium.remote.RemoteWebDriver.findElement(RemoteWebDriver.java:325)
	at org.openqa.selenium.support.pagefactory.DefaultElementLocator.findElement(DefaultElementLocator.java:70)
	at org.openqa.selenium.support.pagefactory.internal.LocatingElementHandler.invoke(LocatingElementHandler.java:39)
	at com.sun.proxy.$Proxy14.click(Unknown Source)
	at com.aakash.qa.pages.CartPage.clickOnProceedToCheckOut(CartPage.java:26)
	at com.aakash.qa.testcases.CustomerDetailsPageTest.validateCheckOut(CustomerDetailsPageTest.java:127)
	at java.util.ArrayList.forEach(ArrayList.java:1257)
... Removed 41 stack frames</div></td></tr></table><p class="totop"><a href="#summary">back to summary</a></p>
<h3 id="m3">com.aakash.qa.testcases.SearchedCoursePageTest#validateOnPayRegistration</h3><table class="result"><tr><th>Exception</th></tr><tr><td><div class="stacktrace">org.testng.internal.reflect.MethodMatcherException: 
[public void com.aakash.qa.testcases.SearchedCoursePageTest.validateOnPayRegistration(java.lang.String,java.lang.String,java.lang.String) throws java.lang.InterruptedException] has no parameters defined but was found to be using a data provider (either explicitly specified or inherited from class level annotation).
Data provider mismatch
Method: validateOnPayRegistration([Parameter{index=0, type=java.lang.String, declaredAnnotations=[]}, Parameter{index=1, type=java.lang.String, declaredAnnotations=[]}, Parameter{index=2, type=java.lang.String, declaredAnnotations=[]}])
Arguments: [(java.lang.String) 11,(java.lang.String) Goa,(java.lang.String) Goa - Margao,(java.lang.String) Arun,(java.lang.String) Pandey,(java.lang.String) Ak Pandey,(java.lang.String) 9560370108,(java.lang.String) arunpandey.pus@aesl.in,(java.lang.String) JKHouse- Plot 32 Pusa road,(java.lang.String) Noida,(java.lang.String) 201305,(java.lang.String) Uttar Pradesh]
	at java.util.ArrayList.forEach(ArrayList.java:1257)
... Removed 32 stack frames</div></td></tr></table><p class="totop"><a href="#summary">back to summary</a></p>
<h3 id="m4">com.aakash.qa.testcases.AakashHomePageTest#clickOnCoursesLink</h3><table class="result"><tr><th class="invisible"/></tr></table><p class="totop"><a href="#summary">back to summary</a></p>
</body>
</html>
